<?xml version="1.0" encoding="UTF-8"?>
<testng-results ignored="0" total="2" passed="2" failed="0" skipped="0">
  <reporter-output>
  </reporter-output>
  <suite started-at="2022-08-14T20:24:23 IST" name="DataDrivenSuite" finished-at="2022-08-14T20:25:02 IST" duration-ms="39218">
    <groups>
    </groups>
    <test started-at="2022-08-14T20:24:23 IST" name="Test" finished-at="2022-08-14T20:25:02 IST" duration-ms="39218">
      <class name="com.educnsoln.runner.TestRunner">
        <test-method is-config="true" signature="beforeTest()[pri:0, instance:com.educnsoln.runner.TestRunner@77b14724]" started-at="2022-08-14T20:24:23 IST" name="beforeTest" finished-at="2022-08-14T20:24:23 IST" duration-ms="131" status="PASS">
          <reporter-output>
          </reporter-output>
        </test-method> <!-- beforeTest -->
        <test-method is-config="true" signature="browserSetup()[pri:0, instance:com.educnsoln.runner.TestRunner@77b14724]" started-at="2022-08-14T20:24:24 IST" name="browserSetup" finished-at="2022-08-14T20:24:32 IST" duration-ms="8395" status="PASS">
          <reporter-output>
          </reporter-output>
        </test-method> <!-- browserSetup -->
        <test-method signature="testcase(java.util.Map)[pri:0, instance:com.educnsoln.runner.TestRunner@77b14724]" started-at="2022-08-14T20:24:32 IST" name="testcase" data-provider="dp" finished-at="2022-08-14T20:24:40 IST" duration-ms="7453" status="PASS">
          <params>
            <param index="0">
              <value>
                <![CDATA[{TestCase_Name=Verify Login works fine, Comment=Sick Leave, User id=Admin, password=admin123, Execute=Yes, AssignLeave=No, Emp_name=Or, FromDate=2022-07-20, ToDate=2022-07-21, Leave_type=US - Vacation}]]>
              </value>
            </param>
          </params>
          <reporter-output>
          </reporter-output>
        </test-method> <!-- testcase -->
        <test-method is-config="true" signature="teardown()[pri:0, instance:com.educnsoln.runner.TestRunner@77b14724]" started-at="2022-08-14T20:24:40 IST" name="teardown" finished-at="2022-08-14T20:24:40 IST" duration-ms="271" status="PASS">
          <reporter-output>
          </reporter-output>
        </test-method> <!-- teardown -->
        <test-method is-config="true" signature="browserSetup()[pri:0, instance:com.educnsoln.runner.TestRunner@77b14724]" started-at="2022-08-14T20:24:40 IST" name="browserSetup" finished-at="2022-08-14T20:24:49 IST" duration-ms="9321" status="PASS">
          <reporter-output>
          </reporter-output>
        </test-method> <!-- browserSetup -->
        <test-method signature="testcase(java.util.Map)[pri:0, instance:com.educnsoln.runner.TestRunner@77b14724]" started-at="2022-08-14T20:24:49 IST" name="testcase" data-provider="dp" finished-at="2022-08-14T20:25:02 IST" duration-ms="12467" status="PASS">
          <params>
            <param index="0">
              <value>
                <![CDATA[{TestCase_Name=Verify Leave Assignment works fine, Comment=Sick Leave, User id=Admin, password=admin123, Execute=Yes, AssignLeave=Yes, Emp_name=Or, FromDate=2022-07-20, ToDate=2022-07-21, Leave_type=US - Vacation}]]>
              </value>
            </param>
          </params>
          <reporter-output>
          </reporter-output>
        </test-method> <!-- testcase -->
        <test-method is-config="true" signature="teardown()[pri:0, instance:com.educnsoln.runner.TestRunner@77b14724]" started-at="2022-08-14T20:25:02 IST" name="teardown" finished-at="2022-08-14T20:25:02 IST" duration-ms="201" status="PASS">
          <reporter-output>
          </reporter-output>
        </test-method> <!-- teardown -->
        <test-method is-config="true" signature="afterTest()[pri:0, instance:com.educnsoln.runner.TestRunner@77b14724]" started-at="2022-08-14T20:25:02 IST" name="afterTest" finished-at="2022-08-14T20:25:02 IST" duration-ms="513" status="PASS">
          <reporter-output>
          </reporter-output>
        </test-method> <!-- afterTest -->
      </class> <!-- com.educnsoln.runner.TestRunner -->
    </test> <!-- Test -->
  </suite> <!-- DataDrivenSuite -->
</testng-results>
