<?xml version="1.0" encoding="UTF-8"?>
<testsuite xmlns:xsi="http://www.w3.org/2001/XMLSchema-instance" xsi:noNamespaceSchemaLocation="https://maven.apache.org/surefire/maven-surefire-plugin/xsd/surefire-test-report-3.0.xsd" version="3.0" name="TestSuite" time="40.101" tests="2" errors="0" skipped="0" failures="0">
  <properties>
[...]
</properties>
  <testcase name="testcase[{TestCase_Name=Verify Login works fine, Comment=Sick Leave, User id=Admin, password=admin123, Execute=Yes, AssignLeave=No, Emp_name=Or, FromDate=2022-07-20, ToDate=2022-07-21, Leave_type=US - Vacation}](1)" classname="com.educnsoln.runner.TestRunner" time="7.459">
    <system-out><![CDATA[[DEBUG] 2022-08-14 20:24:23.833 [main] PackageRelationshipCollection - Parsing relationship: /customXml/_rels/item1.xml.rels
[DEBUG] 2022-08-14 20:24:23.836 [main] PackageRelationshipCollection - Parsing relationship: /customXml/_rels/item2.xml.rels
[DEBUG] 2022-08-14 20:24:23.843 [main] PackageRelationshipCollection - Parsing relationship: /xl/_rels/workbook.xml.rels
[DEBUG] 2022-08-14 20:24:23.846 [main] PackageRelationshipCollection - Parsing relationship: /_rels/.rels
[DEBUG] 2022-08-14 20:24:24.124 [main] POIXMLFactory - using default POIXMLDocumentPart for http://schemas.openxmlformats.org/officeDocument/2006/relationships/customXml
[DEBUG] 2022-08-14 20:24:24.125 [main] POIXMLFactory - using default POIXMLDocumentPart for http://schemas.openxmlformats.org/officeDocument/2006/relationships/customXml
[DEBUG] 2022-08-14 20:24:24.125 [main] POIXMLFactory - using default POIXMLDocumentPart for http://schemas.openxmlformats.org/officeDocument/2006/relationships/customXmlProps
[DEBUG] 2022-08-14 20:24:24.125 [main] POIXMLFactory - using default POIXMLDocumentPart for http://schemas.openxmlformats.org/officeDocument/2006/relationships/customXmlProps
Verify Login works fine
Yes
Admin
admin123
No
Or
US - Vacation
2022-07-20
2022-07-21
Sick Leave
Verify Leave Assignment works fine
Yes
Admin
admin123
Yes
Or
US - Vacation
2022-07-20
2022-07-21
Sick Leave
[DEBUG] 2022-08-14 20:24:24.727 [main] InternalLoggerFactory - Using Log4J2 as the default logging framework
[DEBUG] 2022-08-14 20:24:24.738 [main] ResourceLeakDetector - -Dio.netty.leakDetection.level: simple
[DEBUG] 2022-08-14 20:24:24.738 [main] ResourceLeakDetector - -Dio.netty.leakDetection.targetRecords: 4
[DEBUG] 2022-08-14 20:24:24.741 [main] ResourceLeakDetectorFactory - Loaded default ResourceLeakDetector: io.netty.util.ResourceLeakDetector@44032fde
[DEBUG] 2022-08-14 20:24:24.754 [main] PlatformDependent0 - -Dio.netty.noUnsafe: false
[DEBUG] 2022-08-14 20:24:24.754 [main] PlatformDependent0 - Java version: 18
[DEBUG] 2022-08-14 20:24:24.755 [main] PlatformDependent0 - sun.misc.Unsafe.theUnsafe: available
[DEBUG] 2022-08-14 20:24:24.756 [main] PlatformDependent0 - sun.misc.Unsafe.copyMemory: available
[DEBUG] 2022-08-14 20:24:24.756 [main] PlatformDependent0 - java.nio.Buffer.address: available
[DEBUG] 2022-08-14 20:24:24.757 [main] PlatformDependent0 - direct buffer constructor: unavailable: Reflective setAccessible(true) disabled
[DEBUG] 2022-08-14 20:24:24.757 [main] PlatformDependent0 - java.nio.Bits.unaligned: available, true
[DEBUG] 2022-08-14 20:24:24.758 [main] PlatformDependent0 - jdk.internal.misc.Unsafe.allocateUninitializedArray(int): unavailable: class io.netty.util.internal.PlatformDependent0$6 cannot access class jdk.internal.misc.Unsafe (in module java.base) because module java.base does not export jdk.internal.misc to unnamed module @3c9d0b9d
[DEBUG] 2022-08-14 20:24:24.758 [main] PlatformDependent0 - java.nio.DirectByteBuffer.<init>(long, int): unavailable
[DEBUG] 2022-08-14 20:24:24.759 [main] PlatformDependent - sun.misc.Unsafe: available
[DEBUG] 2022-08-14 20:24:24.759 [main] PlatformDependent - maxDirectMemory: 2055208960 bytes (maybe)
[DEBUG] 2022-08-14 20:24:24.759 [main] PlatformDependent - -Dio.netty.tmpdir: C:\Users\Chandana\AppData\Local\Temp (java.io.tmpdir)
[DEBUG] 2022-08-14 20:24:24.759 [main] PlatformDependent - -Dio.netty.bitMode: 64 (sun.arch.data.model)
[DEBUG] 2022-08-14 20:24:24.760 [main] PlatformDependent - Platform: Windows
[DEBUG] 2022-08-14 20:24:24.761 [main] PlatformDependent - -Dio.netty.maxDirectMemory: -1 bytes
[DEBUG] 2022-08-14 20:24:24.761 [main] PlatformDependent - -Dio.netty.uninitializedArrayAllocationThreshold: -1
[DEBUG] 2022-08-14 20:24:24.763 [main] CleanerJava9 - java.nio.ByteBuffer.cleaner(): available
[DEBUG] 2022-08-14 20:24:24.763 [main] PlatformDependent - -Dio.netty.noPreferDirect: false
[DEBUG] 2022-08-14 20:24:24.770 [main] PlatformDependent - org.jctools-core.MpscChunkedArrayQueue: available
[DEBUG] 2022-08-14 20:24:24.784 [main] InternalThreadLocalMap - -Dio.netty.threadLocalMap.stringBuilder.initialSize: 1024
[DEBUG] 2022-08-14 20:24:24.785 [main] InternalThreadLocalMap - -Dio.netty.threadLocalMap.stringBuilder.maxSize: 4096
[DEBUG] 2022-08-14 20:24:24.816 [main] JdkSslContext - Default protocols (JDK): [TLSv1.3, TLSv1.2] 
[DEBUG] 2022-08-14 20:24:24.816 [main] JdkSslContext - Default cipher suites (JDK): [TLS_ECDHE_ECDSA_WITH_AES_256_GCM_SHA384, TLS_ECDHE_ECDSA_WITH_AES_128_GCM_SHA256, TLS_ECDHE_RSA_WITH_AES_128_GCM_SHA256, TLS_ECDHE_RSA_WITH_AES_256_GCM_SHA384, TLS_ECDHE_RSA_WITH_AES_128_CBC_SHA, TLS_ECDHE_RSA_WITH_AES_256_CBC_SHA, TLS_RSA_WITH_AES_128_GCM_SHA256, TLS_RSA_WITH_AES_128_CBC_SHA, TLS_RSA_WITH_AES_256_CBC_SHA, TLS_AES_128_GCM_SHA256, TLS_AES_256_GCM_SHA384]
[DEBUG] 2022-08-14 20:24:24.831 [main] MultithreadEventLoopGroup - -Dio.netty.eventLoopThreads: 8
[DEBUG] 2022-08-14 20:24:24.836 [main] NioEventLoop - -Dio.netty.noKeySetOptimization: false
[DEBUG] 2022-08-14 20:24:24.836 [main] NioEventLoop - -Dio.netty.selectorAutoRebuildThreshold: 512
[DEBUG] 2022-08-14 20:24:24.864 [main] PooledByteBufAllocator - -Dio.netty.allocator.numHeapArenas: 8
[DEBUG] 2022-08-14 20:24:24.864 [main] PooledByteBufAllocator - -Dio.netty.allocator.numDirectArenas: 8
[DEBUG] 2022-08-14 20:24:24.865 [main] PooledByteBufAllocator - -Dio.netty.allocator.pageSize: 8192
[DEBUG] 2022-08-14 20:24:24.865 [main] PooledByteBufAllocator - -Dio.netty.allocator.maxOrder: 9
[DEBUG] 2022-08-14 20:24:24.865 [main] PooledByteBufAllocator - -Dio.netty.allocator.chunkSize: 4194304
[DEBUG] 2022-08-14 20:24:24.866 [main] PooledByteBufAllocator - -Dio.netty.allocator.smallCacheSize: 256
[DEBUG] 2022-08-14 20:24:24.866 [main] PooledByteBufAllocator - -Dio.netty.allocator.normalCacheSize: 64
[DEBUG] 2022-08-14 20:24:24.866 [main] PooledByteBufAllocator - -Dio.netty.allocator.maxCachedBufferCapacity: 32768
[DEBUG] 2022-08-14 20:24:24.866 [main] PooledByteBufAllocator - -Dio.netty.allocator.cacheTrimInterval: 8192
[DEBUG] 2022-08-14 20:24:24.866 [main] PooledByteBufAllocator - -Dio.netty.allocator.cacheTrimIntervalMillis: 0
[DEBUG] 2022-08-14 20:24:24.866 [main] PooledByteBufAllocator - -Dio.netty.allocator.useCacheForAllThreads: false
[DEBUG] 2022-08-14 20:24:24.866 [main] PooledByteBufAllocator - -Dio.netty.allocator.maxCachedByteBuffersPerChunk: 1023
[DEBUG] 2022-08-14 20:24:24.873 [main] ByteBufUtil - -Dio.netty.allocator.type: pooled
[DEBUG] 2022-08-14 20:24:24.873 [main] ByteBufUtil - -Dio.netty.threadLocalDirectBufferSize: 0
[DEBUG] 2022-08-14 20:24:24.873 [main] ByteBufUtil - -Dio.netty.maxThreadLocalCharBufferSize: 16384
[DEBUG] 2022-08-14 20:24:25.237 [Forwarding newSession on session null to remote] DefaultChannelId - -Dio.netty.processId: 488 (auto-detected)
[DEBUG] 2022-08-14 20:24:25.239 [Forwarding newSession on session null to remote] NetUtil - -Djava.net.preferIPv4Stack: false
[DEBUG] 2022-08-14 20:24:25.240 [Forwarding newSession on session null to remote] NetUtil - -Djava.net.preferIPv6Addresses: false
[DEBUG] 2022-08-14 20:24:25.247 [Forwarding newSession on session null to remote] NetUtilInitializations - Loopback interface: lo (Software Loopback Interface 1, 127.0.0.1)
[DEBUG] 2022-08-14 20:24:25.248 [Forwarding newSession on session null to remote] NetUtil - Failed to get SOMAXCONN from sysctl and file \proc\sys\net\core\somaxconn. Default: 200
[DEBUG] 2022-08-14 20:24:25.270 [Forwarding newSession on session null to remote] DefaultChannelId - -Dio.netty.machineId: d4:1b:81:ff:fe:61:44:6d (auto-detected)
[DEBUG] 2022-08-14 20:24:25.304 [AsyncHttpClient-1-2] AbstractByteBuf - -Dio.netty.buffer.checkAccessible: true
[DEBUG] 2022-08-14 20:24:25.304 [AsyncHttpClient-1-2] AbstractByteBuf - -Dio.netty.buffer.checkBounds: true
[DEBUG] 2022-08-14 20:24:25.305 [AsyncHttpClient-1-2] ResourceLeakDetectorFactory - Loaded default ResourceLeakDetector: io.netty.util.ResourceLeakDetector@73f113ce
[DEBUG] 2022-08-14 20:24:25.327 [AsyncHttpClient-1-2] Recycler - -Dio.netty.recycler.maxCapacityPerThread: 4096
[DEBUG] 2022-08-14 20:24:25.327 [AsyncHttpClient-1-2] Recycler - -Dio.netty.recycler.ratio: 8
[DEBUG] 2022-08-14 20:24:25.327 [AsyncHttpClient-1-2] Recycler - -Dio.netty.recycler.chunkSize: 32
[DEBUG] 2022-08-14 20:24:25.327 [AsyncHttpClient-1-2] Recycler - -Dio.netty.recycler.blocking: false
[DEBUG] 2022-08-14 20:24:26.275 [AsyncHttpClient-1-2] Brotli - brotli4j not in the classpath; Brotli support will be unavailable.
[DEBUG] 2022-08-14 20:24:26.416 [main] ThreadLocalRandom - -Dio.netty.initialSeedUniquifier: 0x635e7f38ad883c2b
============On test Start=========
[INFO ] 2022-08-14 20:24:32.696 [main] LoginPage - User id is entered
[INFO ] 2022-08-14 20:24:32.756 [main] LoginPage - password is entered
[INFO ] 2022-08-14 20:24:39.938 [main] LoginPage - Login Button clicked
Dashboard
check execution 
]]></system-out>
    <system-err><![CDATA[SLF4J: Failed to load class "org.slf4j.impl.StaticLoggerBinder".
SLF4J: Defaulting to no-operation (NOP) logger implementation
SLF4J: See http://www.slf4j.org/codes.html#StaticLoggerBinder for further details.
Starting ChromeDriver 104.0.5112.79 (3cf3e8c8a07d104b9e1260c910efb8f383285dc5-refs/branch-heads/5112@{#1307}) on port 61771
Only local connections are allowed.
Please see https://chromedriver.chromium.org/security-considerations for suggestions on keeping ChromeDriver safe.
ChromeDriver was started successfully.
Aug 14, 2022 8:24:26 PM org.openqa.selenium.remote.ProtocolHandshake createSession
INFO: Detected dialect: W3C
Aug 14, 2022 8:24:26 PM org.openqa.selenium.devtools.CdpVersionFinder findNearestMatch
WARNING: Unable to find an exact match for CDP version 104, so returning the closest version found: 101
Aug 14, 2022 8:24:26 PM org.openqa.selenium.devtools.CdpVersionFinder findNearestMatch
INFO: Found CDP implementation for version 104 of 101
]]></system-err>
  </testcase>
  <testcase name="testcase[{TestCase_Name=Verify Leave Assignment works fine, Comment=Sick Leave, User id=Admin, password=admin123, Execute=Yes, AssignLeave=Yes, Emp_name=Or, FromDate=2022-07-20, ToDate=2022-07-21, Leave_type=US - Vacation}](2)" classname="com.educnsoln.runner.TestRunner" time="12.469">
    <system-out><![CDATA[============On test Start=========
[INFO ] 2022-08-14 20:24:49.758 [main] LoginPage - User id is entered
[INFO ] 2022-08-14 20:24:49.851 [main] LoginPage - password is entered
[INFO ] 2022-08-14 20:24:56.319 [main] LoginPage - Login Button clicked
Dashboard
check execution 
[INFO ] 2022-08-14 20:24:56.401 [main] AssignLeavePage - user is on Dashbord page
[DEBUG] 2022-08-14 20:24:58.556 [main] AssignLeavePage - search result includesOrange Test
[DEBUG] 2022-08-14 20:24:59.017 [main] AssignLeavePage - dropdown selcted
[DEBUG] 2022-08-14 20:24:59.526 [main] AssignLeavePage - COmment entered is
[WARN ] 2022-08-14 20:25:00.669 [main] AssignLeavePage - Warning pop is displayed
]]></system-out>
    <system-err><![CDATA[Starting ChromeDriver 104.0.5112.79 (3cf3e8c8a07d104b9e1260c910efb8f383285dc5-refs/branch-heads/5112@{#1307}) on port 55689
Only local connections are allowed.
Please see https://chromedriver.chromium.org/security-considerations for suggestions on keeping ChromeDriver safe.
ChromeDriver was started successfully.
Aug 14, 2022 8:24:41 PM org.openqa.selenium.remote.ProtocolHandshake createSession
INFO: Detected dialect: W3C
Aug 14, 2022 8:24:41 PM org.openqa.selenium.devtools.CdpVersionFinder findNearestMatch
WARNING: Unable to find an exact match for CDP version 104, so returning the closest version found: 101
Aug 14, 2022 8:24:41 PM org.openqa.selenium.devtools.CdpVersionFinder findNearestMatch
INFO: Found CDP implementation for version 104 of 101
]]></system-err>
  </testcase>
</testsuite>