<?xml version="1.0" encoding="UTF-8"?>
<testng-results ignored="0" total="2" passed="2" failed="0" skipped="0">
  <reporter-output>
  </reporter-output>
  <suite started-at="2022-08-14T20:23:19 IST" name="DataDrivenSuite" finished-at="2022-08-14T20:23:56 IST" duration-ms="37740">
    <groups>
    </groups>
    <test started-at="2022-08-14T20:23:19 IST" name="Test" finished-at="2022-08-14T20:23:56 IST" duration-ms="37740">
      <class name="com.educnsoln.runner.TestRunner">
        <test-method is-config="true" signature="beforeTest()[pri:0, instance:com.educnsoln.runner.TestRunner@a43ce46]" started-at="2022-08-14T20:23:19 IST" name="beforeTest" finished-at="2022-08-14T20:23:19 IST" duration-ms="152" status="PASS">
          <reporter-output>
          </reporter-output>
        </test-method> <!-- beforeTest -->
        <test-method is-config="true" signature="browserSetup()[pri:0, instance:com.educnsoln.runner.TestRunner@a43ce46]" started-at="2022-08-14T20:23:19 IST" name="browserSetup" finished-at="2022-08-14T20:23:30 IST" duration-ms="11089" status="PASS">
          <reporter-output>
          </reporter-output>
        </test-method> <!-- browserSetup -->
        <test-method signature="testcase(java.util.Map)[pri:0, instance:com.educnsoln.runner.TestRunner@a43ce46]" started-at="2022-08-14T20:23:30 IST" name="testcase" data-provider="dp" finished-at="2022-08-14T20:23:37 IST" duration-ms="6154" status="PASS">
          <params>
            <param index="0">
              <value>
                <![CDATA[{TestCase_Name=Verify Login works fine, Comment=Sick Leave, User id=Admin, password=admin123, Execute=Yes, AssignLeave=No, Emp_name=Or, FromDate=2022-07-20, ToDate=2022-07-21, Leave_type=US - Vacation}]]>
              </value>
            </param>
          </params>
          <reporter-output>
          </reporter-output>
        </test-method> <!-- testcase -->
        <test-method is-config="true" signature="teardown()[pri:0, instance:com.educnsoln.runner.TestRunner@a43ce46]" started-at="2022-08-14T20:23:37 IST" name="teardown" finished-at="2022-08-14T20:23:37 IST" duration-ms="238" status="PASS">
          <reporter-output>
          </reporter-output>
        </test-method> <!-- teardown -->
        <test-method is-config="true" signature="browserSetup()[pri:0, instance:com.educnsoln.runner.TestRunner@a43ce46]" started-at="2022-08-14T20:23:37 IST" name="browserSetup" finished-at="2022-08-14T20:23:43 IST" duration-ms="6613" status="PASS">
          <reporter-output>
          </reporter-output>
        </test-method> <!-- browserSetup -->
        <test-method signature="testcase(java.util.Map)[pri:0, instance:com.educnsoln.runner.TestRunner@a43ce46]" started-at="2022-08-14T20:23:43 IST" name="testcase" data-provider="dp" finished-at="2022-08-14T20:23:56 IST" duration-ms="12206" status="PASS">
          <params>
            <param index="0">
              <value>
                <![CDATA[{TestCase_Name=Verify Leave Assignment works fine, Comment=Sick Leave, User id=Admin, password=admin123, Execute=Yes, AssignLeave=Yes, Emp_name=Or, FromDate=2022-07-20, ToDate=2022-07-21, Leave_type=US - Vacation}]]>
              </value>
            </param>
          </params>
          <reporter-output>
          </reporter-output>
        </test-method> <!-- testcase -->
        <test-method is-config="true" signature="teardown()[pri:0, instance:com.educnsoln.runner.TestRunner@a43ce46]" started-at="2022-08-14T20:23:56 IST" name="teardown" finished-at="2022-08-14T20:23:56 IST" duration-ms="238" status="PASS">
          <reporter-output>
          </reporter-output>
        </test-method> <!-- teardown -->
        <test-method is-config="true" signature="afterTest()[pri:0, instance:com.educnsoln.runner.TestRunner@a43ce46]" started-at="2022-08-14T20:23:56 IST" name="afterTest" finished-at="2022-08-14T20:23:56 IST" duration-ms="479" status="PASS">
          <reporter-output>
          </reporter-output>
        </test-method> <!-- afterTest -->
      </class> <!-- com.educnsoln.runner.TestRunner -->
    </test> <!-- Test -->
  </suite> <!-- DataDrivenSuite -->
</testng-results>
